ARM GAS  C:\Users\user-pc\AppData\Local\Temp\cc6lks1p.s 			page 1


   1              		.cpu cortex-m4
   2              		.eabi_attribute 27, 1
   3              		.eabi_attribute 28, 1
   4              		.eabi_attribute 20, 1
   5              		.eabi_attribute 21, 1
   6              		.eabi_attribute 23, 3
   7              		.eabi_attribute 24, 1
   8              		.eabi_attribute 25, 1
   9              		.eabi_attribute 26, 1
  10              		.eabi_attribute 30, 1
  11              		.eabi_attribute 34, 1
  12              		.eabi_attribute 18, 4
  13              		.file	"adc.c"
  14              		.text
  15              	.Ltext0:
  16              		.cfi_sections	.debug_frame
  17              		.section	.text.MX_ADC1_Init,"ax",%progbits
  18              		.align	1
  19              		.global	MX_ADC1_Init
  20              		.arch armv7e-m
  21              		.syntax unified
  22              		.thumb
  23              		.thumb_func
  24              		.fpu fpv4-sp-d16
  26              	MX_ADC1_Init:
  27              	.LFB216:
  28              		.file 1 "Core/Src/adc.c"
   1:Core/Src/adc.c **** /**
   2:Core/Src/adc.c ****   ******************************************************************************
   3:Core/Src/adc.c ****   * @file    adc.c
   4:Core/Src/adc.c ****   * @brief   This file provides code for the configuration
   5:Core/Src/adc.c ****   *          of the ADC instances.
   6:Core/Src/adc.c ****   ******************************************************************************
   7:Core/Src/adc.c ****   * @attention
   8:Core/Src/adc.c ****   *
   9:Core/Src/adc.c ****   * <h2><center>&copy; Copyright (c) 2021 STMicroelectronics.
  10:Core/Src/adc.c ****   * All rights reserved.</center></h2>
  11:Core/Src/adc.c ****   *
  12:Core/Src/adc.c ****   * This software component is licensed by ST under Ultimate Liberty license
  13:Core/Src/adc.c ****   * SLA0044, the "License"; You may not use this file except in compliance with
  14:Core/Src/adc.c ****   * the License. You may obtain a copy of the License at:
  15:Core/Src/adc.c ****   *                             www.st.com/SLA0044
  16:Core/Src/adc.c ****   *
  17:Core/Src/adc.c ****   ******************************************************************************
  18:Core/Src/adc.c ****   */
  19:Core/Src/adc.c **** 
  20:Core/Src/adc.c **** /* Includes ------------------------------------------------------------------*/
  21:Core/Src/adc.c **** #include "adc.h"
  22:Core/Src/adc.c **** 
  23:Core/Src/adc.c **** /* USER CODE BEGIN 0 */
  24:Core/Src/adc.c **** 
  25:Core/Src/adc.c **** /* USER CODE END 0 */
  26:Core/Src/adc.c **** 
  27:Core/Src/adc.c **** ADC_HandleTypeDef hadc1;
  28:Core/Src/adc.c **** DMA_HandleTypeDef hdma_adc1;
  29:Core/Src/adc.c **** 
  30:Core/Src/adc.c **** /* ADC1 init function */
ARM GAS  C:\Users\user-pc\AppData\Local\Temp\cc6lks1p.s 			page 2


  31:Core/Src/adc.c **** void MX_ADC1_Init(void)
  32:Core/Src/adc.c **** {
  29              		.loc 1 32 1 view -0
  30              		.cfi_startproc
  31              		@ args = 0, pretend = 0, frame = 16
  32              		@ frame_needed = 0, uses_anonymous_args = 0
  33 0000 00B5     		push	{lr}
  34              	.LCFI0:
  35              		.cfi_def_cfa_offset 4
  36              		.cfi_offset 14, -4
  37 0002 85B0     		sub	sp, sp, #20
  38              	.LCFI1:
  39              		.cfi_def_cfa_offset 24
  33:Core/Src/adc.c **** 
  34:Core/Src/adc.c ****   /* USER CODE BEGIN ADC1_Init 0 */
  35:Core/Src/adc.c **** 
  36:Core/Src/adc.c ****   /* USER CODE END ADC1_Init 0 */
  37:Core/Src/adc.c **** 
  38:Core/Src/adc.c ****   ADC_ChannelConfTypeDef sConfig = {0};
  40              		.loc 1 38 3 view .LVU1
  41              		.loc 1 38 26 is_stmt 0 view .LVU2
  42 0004 0023     		movs	r3, #0
  43 0006 0093     		str	r3, [sp]
  44 0008 0193     		str	r3, [sp, #4]
  45 000a 0293     		str	r3, [sp, #8]
  46 000c 0393     		str	r3, [sp, #12]
  39:Core/Src/adc.c **** 
  40:Core/Src/adc.c ****   /* USER CODE BEGIN ADC1_Init 1 */
  41:Core/Src/adc.c **** 
  42:Core/Src/adc.c ****   /* USER CODE END ADC1_Init 1 */
  43:Core/Src/adc.c ****   /** Configure the global features of the ADC (Clock, Resolution, Data Alignment and number of con
  44:Core/Src/adc.c ****   */
  45:Core/Src/adc.c ****   hadc1.Instance = ADC1;
  47              		.loc 1 45 3 is_stmt 1 view .LVU3
  48              		.loc 1 45 18 is_stmt 0 view .LVU4
  49 000e 1548     		ldr	r0, .L7
  50 0010 154A     		ldr	r2, .L7+4
  51 0012 0260     		str	r2, [r0]
  46:Core/Src/adc.c ****   hadc1.Init.ClockPrescaler = ADC_CLOCK_SYNC_PCLK_DIV4;
  52              		.loc 1 46 3 is_stmt 1 view .LVU5
  53              		.loc 1 46 29 is_stmt 0 view .LVU6
  54 0014 4FF48032 		mov	r2, #65536
  55 0018 4260     		str	r2, [r0, #4]
  47:Core/Src/adc.c ****   hadc1.Init.Resolution = ADC_RESOLUTION_12B;
  56              		.loc 1 47 3 is_stmt 1 view .LVU7
  57              		.loc 1 47 25 is_stmt 0 view .LVU8
  58 001a 8360     		str	r3, [r0, #8]
  48:Core/Src/adc.c ****   hadc1.Init.ScanConvMode = DISABLE;
  59              		.loc 1 48 3 is_stmt 1 view .LVU9
  60              		.loc 1 48 27 is_stmt 0 view .LVU10
  61 001c 0361     		str	r3, [r0, #16]
  49:Core/Src/adc.c ****   hadc1.Init.ContinuousConvMode = ENABLE;
  62              		.loc 1 49 3 is_stmt 1 view .LVU11
  63              		.loc 1 49 33 is_stmt 0 view .LVU12
  64 001e 0122     		movs	r2, #1
  65 0020 0276     		strb	r2, [r0, #24]
  50:Core/Src/adc.c ****   hadc1.Init.DiscontinuousConvMode = DISABLE;
ARM GAS  C:\Users\user-pc\AppData\Local\Temp\cc6lks1p.s 			page 3


  66              		.loc 1 50 3 is_stmt 1 view .LVU13
  67              		.loc 1 50 36 is_stmt 0 view .LVU14
  68 0022 80F82030 		strb	r3, [r0, #32]
  51:Core/Src/adc.c ****   hadc1.Init.ExternalTrigConvEdge = ADC_EXTERNALTRIGCONVEDGE_NONE;
  69              		.loc 1 51 3 is_stmt 1 view .LVU15
  70              		.loc 1 51 35 is_stmt 0 view .LVU16
  71 0026 C362     		str	r3, [r0, #44]
  52:Core/Src/adc.c ****   hadc1.Init.ExternalTrigConv = ADC_SOFTWARE_START;
  72              		.loc 1 52 3 is_stmt 1 view .LVU17
  73              		.loc 1 52 31 is_stmt 0 view .LVU18
  74 0028 1049     		ldr	r1, .L7+8
  75 002a 8162     		str	r1, [r0, #40]
  53:Core/Src/adc.c ****   hadc1.Init.DataAlign = ADC_DATAALIGN_RIGHT;
  76              		.loc 1 53 3 is_stmt 1 view .LVU19
  77              		.loc 1 53 24 is_stmt 0 view .LVU20
  78 002c C360     		str	r3, [r0, #12]
  54:Core/Src/adc.c ****   hadc1.Init.NbrOfConversion = 1;
  79              		.loc 1 54 3 is_stmt 1 view .LVU21
  80              		.loc 1 54 30 is_stmt 0 view .LVU22
  81 002e C261     		str	r2, [r0, #28]
  55:Core/Src/adc.c ****   hadc1.Init.DMAContinuousRequests = DISABLE;
  82              		.loc 1 55 3 is_stmt 1 view .LVU23
  83              		.loc 1 55 36 is_stmt 0 view .LVU24
  84 0030 80F83030 		strb	r3, [r0, #48]
  56:Core/Src/adc.c ****   hadc1.Init.EOCSelection = ADC_EOC_SINGLE_CONV;
  85              		.loc 1 56 3 is_stmt 1 view .LVU25
  86              		.loc 1 56 27 is_stmt 0 view .LVU26
  87 0034 4261     		str	r2, [r0, #20]
  57:Core/Src/adc.c ****   if (HAL_ADC_Init(&hadc1) != HAL_OK)
  88              		.loc 1 57 3 is_stmt 1 view .LVU27
  89              		.loc 1 57 7 is_stmt 0 view .LVU28
  90 0036 FFF7FEFF 		bl	HAL_ADC_Init
  91              	.LVL0:
  92              		.loc 1 57 6 view .LVU29
  93 003a 68B9     		cbnz	r0, .L5
  94              	.L2:
  58:Core/Src/adc.c ****   {
  59:Core/Src/adc.c ****     Error_Handler();
  60:Core/Src/adc.c ****   }
  61:Core/Src/adc.c ****   /** Configure for the selected ADC regular channel its corresponding rank in the sequencer and it
  62:Core/Src/adc.c ****   */
  63:Core/Src/adc.c ****   sConfig.Channel = ADC_CHANNEL_4;
  95              		.loc 1 63 3 is_stmt 1 view .LVU30
  96              		.loc 1 63 19 is_stmt 0 view .LVU31
  97 003c 0423     		movs	r3, #4
  98 003e 0093     		str	r3, [sp]
  64:Core/Src/adc.c ****   sConfig.Rank = 1;
  99              		.loc 1 64 3 is_stmt 1 view .LVU32
 100              		.loc 1 64 16 is_stmt 0 view .LVU33
 101 0040 0123     		movs	r3, #1
 102 0042 0193     		str	r3, [sp, #4]
  65:Core/Src/adc.c ****   sConfig.SamplingTime = ADC_SAMPLETIME_3CYCLES;
 103              		.loc 1 65 3 is_stmt 1 view .LVU34
 104              		.loc 1 65 24 is_stmt 0 view .LVU35
 105 0044 0023     		movs	r3, #0
 106 0046 0293     		str	r3, [sp, #8]
  66:Core/Src/adc.c ****   if (HAL_ADC_ConfigChannel(&hadc1, &sConfig) != HAL_OK)
ARM GAS  C:\Users\user-pc\AppData\Local\Temp\cc6lks1p.s 			page 4


 107              		.loc 1 66 3 is_stmt 1 view .LVU36
 108              		.loc 1 66 7 is_stmt 0 view .LVU37
 109 0048 6946     		mov	r1, sp
 110 004a 0648     		ldr	r0, .L7
 111 004c FFF7FEFF 		bl	HAL_ADC_ConfigChannel
 112              	.LVL1:
 113              		.loc 1 66 6 view .LVU38
 114 0050 28B9     		cbnz	r0, .L6
 115              	.L1:
  67:Core/Src/adc.c ****   {
  68:Core/Src/adc.c ****     Error_Handler();
  69:Core/Src/adc.c ****   }
  70:Core/Src/adc.c ****   /* USER CODE BEGIN ADC1_Init 2 */
  71:Core/Src/adc.c **** 
  72:Core/Src/adc.c ****   /* USER CODE END ADC1_Init 2 */
  73:Core/Src/adc.c **** 
  74:Core/Src/adc.c **** }
 116              		.loc 1 74 1 view .LVU39
 117 0052 05B0     		add	sp, sp, #20
 118              	.LCFI2:
 119              		.cfi_remember_state
 120              		.cfi_def_cfa_offset 4
 121              		@ sp needed
 122 0054 5DF804FB 		ldr	pc, [sp], #4
 123              	.L5:
 124              	.LCFI3:
 125              		.cfi_restore_state
  59:Core/Src/adc.c ****   }
 126              		.loc 1 59 5 is_stmt 1 view .LVU40
 127 0058 FFF7FEFF 		bl	Error_Handler
 128              	.LVL2:
 129 005c EEE7     		b	.L2
 130              	.L6:
  68:Core/Src/adc.c ****   }
 131              		.loc 1 68 5 view .LVU41
 132 005e FFF7FEFF 		bl	Error_Handler
 133              	.LVL3:
 134              		.loc 1 74 1 is_stmt 0 view .LVU42
 135 0062 F6E7     		b	.L1
 136              	.L8:
 137              		.align	2
 138              	.L7:
 139 0064 00000000 		.word	.LANCHOR0
 140 0068 00200140 		.word	1073815552
 141 006c 0100000F 		.word	251658241
 142              		.cfi_endproc
 143              	.LFE216:
 145              		.section	.text.HAL_ADC_MspInit,"ax",%progbits
 146              		.align	1
 147              		.global	HAL_ADC_MspInit
 148              		.syntax unified
 149              		.thumb
 150              		.thumb_func
 151              		.fpu fpv4-sp-d16
 153              	HAL_ADC_MspInit:
 154              	.LVL4:
 155              	.LFB217:
ARM GAS  C:\Users\user-pc\AppData\Local\Temp\cc6lks1p.s 			page 5


  75:Core/Src/adc.c **** 
  76:Core/Src/adc.c **** void HAL_ADC_MspInit(ADC_HandleTypeDef* adcHandle)
  77:Core/Src/adc.c **** {
 156              		.loc 1 77 1 is_stmt 1 view -0
 157              		.cfi_startproc
 158              		@ args = 0, pretend = 0, frame = 32
 159              		@ frame_needed = 0, uses_anonymous_args = 0
 160              		.loc 1 77 1 is_stmt 0 view .LVU44
 161 0000 30B5     		push	{r4, r5, lr}
 162              	.LCFI4:
 163              		.cfi_def_cfa_offset 12
 164              		.cfi_offset 4, -12
 165              		.cfi_offset 5, -8
 166              		.cfi_offset 14, -4
 167 0002 89B0     		sub	sp, sp, #36
 168              	.LCFI5:
 169              		.cfi_def_cfa_offset 48
  78:Core/Src/adc.c **** 
  79:Core/Src/adc.c ****   GPIO_InitTypeDef GPIO_InitStruct = {0};
 170              		.loc 1 79 3 is_stmt 1 view .LVU45
 171              		.loc 1 79 20 is_stmt 0 view .LVU46
 172 0004 0023     		movs	r3, #0
 173 0006 0393     		str	r3, [sp, #12]
 174 0008 0493     		str	r3, [sp, #16]
 175 000a 0593     		str	r3, [sp, #20]
 176 000c 0693     		str	r3, [sp, #24]
 177 000e 0793     		str	r3, [sp, #28]
  80:Core/Src/adc.c ****   if(adcHandle->Instance==ADC1)
 178              		.loc 1 80 3 is_stmt 1 view .LVU47
 179              		.loc 1 80 15 is_stmt 0 view .LVU48
 180 0010 0268     		ldr	r2, [r0]
 181              		.loc 1 80 5 view .LVU49
 182 0012 03F18043 		add	r3, r3, #1073741824
 183 0016 03F59033 		add	r3, r3, #73728
 184 001a 9A42     		cmp	r2, r3
 185 001c 01D0     		beq	.L13
 186              	.LVL5:
 187              	.L9:
  81:Core/Src/adc.c ****   {
  82:Core/Src/adc.c ****   /* USER CODE BEGIN ADC1_MspInit 0 */
  83:Core/Src/adc.c **** 
  84:Core/Src/adc.c ****   /* USER CODE END ADC1_MspInit 0 */
  85:Core/Src/adc.c ****     /* ADC1 clock enable */
  86:Core/Src/adc.c ****     __HAL_RCC_ADC1_CLK_ENABLE();
  87:Core/Src/adc.c **** 
  88:Core/Src/adc.c ****     __HAL_RCC_GPIOA_CLK_ENABLE();
  89:Core/Src/adc.c ****     /**ADC1 GPIO Configuration
  90:Core/Src/adc.c ****     PA4     ------> ADC1_IN4
  91:Core/Src/adc.c ****     */
  92:Core/Src/adc.c ****     GPIO_InitStruct.Pin = GPIO_PIN_4;
  93:Core/Src/adc.c ****     GPIO_InitStruct.Mode = GPIO_MODE_ANALOG;
  94:Core/Src/adc.c ****     GPIO_InitStruct.Pull = GPIO_NOPULL;
  95:Core/Src/adc.c ****     HAL_GPIO_Init(GPIOA, &GPIO_InitStruct);
  96:Core/Src/adc.c **** 
  97:Core/Src/adc.c ****     /* ADC1 DMA Init */
  98:Core/Src/adc.c ****     /* ADC1 Init */
  99:Core/Src/adc.c ****     hdma_adc1.Instance = DMA2_Stream0;
ARM GAS  C:\Users\user-pc\AppData\Local\Temp\cc6lks1p.s 			page 6


 100:Core/Src/adc.c ****     hdma_adc1.Init.Channel = DMA_CHANNEL_0;
 101:Core/Src/adc.c ****     hdma_adc1.Init.Direction = DMA_PERIPH_TO_MEMORY;
 102:Core/Src/adc.c ****     hdma_adc1.Init.PeriphInc = DMA_PINC_DISABLE;
 103:Core/Src/adc.c ****     hdma_adc1.Init.MemInc = DMA_MINC_ENABLE;
 104:Core/Src/adc.c ****     hdma_adc1.Init.PeriphDataAlignment = DMA_PDATAALIGN_WORD;
 105:Core/Src/adc.c ****     hdma_adc1.Init.MemDataAlignment = DMA_MDATAALIGN_WORD;
 106:Core/Src/adc.c ****     hdma_adc1.Init.Mode = DMA_CIRCULAR;
 107:Core/Src/adc.c ****     hdma_adc1.Init.Priority = DMA_PRIORITY_MEDIUM;
 108:Core/Src/adc.c ****     hdma_adc1.Init.FIFOMode = DMA_FIFOMODE_DISABLE;
 109:Core/Src/adc.c ****     if (HAL_DMA_Init(&hdma_adc1) != HAL_OK)
 110:Core/Src/adc.c ****     {
 111:Core/Src/adc.c ****       Error_Handler();
 112:Core/Src/adc.c ****     }
 113:Core/Src/adc.c **** 
 114:Core/Src/adc.c ****     __HAL_LINKDMA(adcHandle,DMA_Handle,hdma_adc1);
 115:Core/Src/adc.c **** 
 116:Core/Src/adc.c ****   /* USER CODE BEGIN ADC1_MspInit 1 */
 117:Core/Src/adc.c **** 
 118:Core/Src/adc.c ****   /* USER CODE END ADC1_MspInit 1 */
 119:Core/Src/adc.c ****   }
 120:Core/Src/adc.c **** }
 188              		.loc 1 120 1 view .LVU50
 189 001e 09B0     		add	sp, sp, #36
 190              	.LCFI6:
 191              		.cfi_remember_state
 192              		.cfi_def_cfa_offset 12
 193              		@ sp needed
 194 0020 30BD     		pop	{r4, r5, pc}
 195              	.LVL6:
 196              	.L13:
 197              	.LCFI7:
 198              		.cfi_restore_state
 199              		.loc 1 120 1 view .LVU51
 200 0022 0446     		mov	r4, r0
  86:Core/Src/adc.c **** 
 201              		.loc 1 86 5 is_stmt 1 view .LVU52
 202              	.LBB2:
  86:Core/Src/adc.c **** 
 203              		.loc 1 86 5 view .LVU53
 204 0024 0025     		movs	r5, #0
 205 0026 0195     		str	r5, [sp, #4]
  86:Core/Src/adc.c **** 
 206              		.loc 1 86 5 view .LVU54
 207 0028 03F58C33 		add	r3, r3, #71680
 208 002c 5A6C     		ldr	r2, [r3, #68]
 209 002e 42F48072 		orr	r2, r2, #256
 210 0032 5A64     		str	r2, [r3, #68]
  86:Core/Src/adc.c **** 
 211              		.loc 1 86 5 view .LVU55
 212 0034 5A6C     		ldr	r2, [r3, #68]
 213 0036 02F48072 		and	r2, r2, #256
 214 003a 0192     		str	r2, [sp, #4]
  86:Core/Src/adc.c **** 
 215              		.loc 1 86 5 view .LVU56
 216 003c 019A     		ldr	r2, [sp, #4]
 217              	.LBE2:
  86:Core/Src/adc.c **** 
ARM GAS  C:\Users\user-pc\AppData\Local\Temp\cc6lks1p.s 			page 7


 218              		.loc 1 86 5 view .LVU57
  88:Core/Src/adc.c ****     /**ADC1 GPIO Configuration
 219              		.loc 1 88 5 view .LVU58
 220              	.LBB3:
  88:Core/Src/adc.c ****     /**ADC1 GPIO Configuration
 221              		.loc 1 88 5 view .LVU59
 222 003e 0295     		str	r5, [sp, #8]
  88:Core/Src/adc.c ****     /**ADC1 GPIO Configuration
 223              		.loc 1 88 5 view .LVU60
 224 0040 1A6B     		ldr	r2, [r3, #48]
 225 0042 42F00102 		orr	r2, r2, #1
 226 0046 1A63     		str	r2, [r3, #48]
  88:Core/Src/adc.c ****     /**ADC1 GPIO Configuration
 227              		.loc 1 88 5 view .LVU61
 228 0048 1B6B     		ldr	r3, [r3, #48]
 229 004a 03F00103 		and	r3, r3, #1
 230 004e 0293     		str	r3, [sp, #8]
  88:Core/Src/adc.c ****     /**ADC1 GPIO Configuration
 231              		.loc 1 88 5 view .LVU62
 232 0050 029B     		ldr	r3, [sp, #8]
 233              	.LBE3:
  88:Core/Src/adc.c ****     /**ADC1 GPIO Configuration
 234              		.loc 1 88 5 view .LVU63
  92:Core/Src/adc.c ****     GPIO_InitStruct.Mode = GPIO_MODE_ANALOG;
 235              		.loc 1 92 5 view .LVU64
  92:Core/Src/adc.c ****     GPIO_InitStruct.Mode = GPIO_MODE_ANALOG;
 236              		.loc 1 92 25 is_stmt 0 view .LVU65
 237 0052 1023     		movs	r3, #16
 238 0054 0393     		str	r3, [sp, #12]
  93:Core/Src/adc.c ****     GPIO_InitStruct.Pull = GPIO_NOPULL;
 239              		.loc 1 93 5 is_stmt 1 view .LVU66
  93:Core/Src/adc.c ****     GPIO_InitStruct.Pull = GPIO_NOPULL;
 240              		.loc 1 93 26 is_stmt 0 view .LVU67
 241 0056 0323     		movs	r3, #3
 242 0058 0493     		str	r3, [sp, #16]
  94:Core/Src/adc.c ****     HAL_GPIO_Init(GPIOA, &GPIO_InitStruct);
 243              		.loc 1 94 5 is_stmt 1 view .LVU68
  95:Core/Src/adc.c **** 
 244              		.loc 1 95 5 view .LVU69
 245 005a 03A9     		add	r1, sp, #12
 246 005c 1148     		ldr	r0, .L15
 247              	.LVL7:
  95:Core/Src/adc.c **** 
 248              		.loc 1 95 5 is_stmt 0 view .LVU70
 249 005e FFF7FEFF 		bl	HAL_GPIO_Init
 250              	.LVL8:
  99:Core/Src/adc.c ****     hdma_adc1.Init.Channel = DMA_CHANNEL_0;
 251              		.loc 1 99 5 is_stmt 1 view .LVU71
  99:Core/Src/adc.c ****     hdma_adc1.Init.Channel = DMA_CHANNEL_0;
 252              		.loc 1 99 24 is_stmt 0 view .LVU72
 253 0062 1148     		ldr	r0, .L15+4
 254 0064 114B     		ldr	r3, .L15+8
 255 0066 0360     		str	r3, [r0]
 100:Core/Src/adc.c ****     hdma_adc1.Init.Direction = DMA_PERIPH_TO_MEMORY;
 256              		.loc 1 100 5 is_stmt 1 view .LVU73
 100:Core/Src/adc.c ****     hdma_adc1.Init.Direction = DMA_PERIPH_TO_MEMORY;
 257              		.loc 1 100 28 is_stmt 0 view .LVU74
ARM GAS  C:\Users\user-pc\AppData\Local\Temp\cc6lks1p.s 			page 8


 258 0068 4560     		str	r5, [r0, #4]
 101:Core/Src/adc.c ****     hdma_adc1.Init.PeriphInc = DMA_PINC_DISABLE;
 259              		.loc 1 101 5 is_stmt 1 view .LVU75
 101:Core/Src/adc.c ****     hdma_adc1.Init.PeriphInc = DMA_PINC_DISABLE;
 260              		.loc 1 101 30 is_stmt 0 view .LVU76
 261 006a 8560     		str	r5, [r0, #8]
 102:Core/Src/adc.c ****     hdma_adc1.Init.MemInc = DMA_MINC_ENABLE;
 262              		.loc 1 102 5 is_stmt 1 view .LVU77
 102:Core/Src/adc.c ****     hdma_adc1.Init.MemInc = DMA_MINC_ENABLE;
 263              		.loc 1 102 30 is_stmt 0 view .LVU78
 264 006c C560     		str	r5, [r0, #12]
 103:Core/Src/adc.c ****     hdma_adc1.Init.PeriphDataAlignment = DMA_PDATAALIGN_WORD;
 265              		.loc 1 103 5 is_stmt 1 view .LVU79
 103:Core/Src/adc.c ****     hdma_adc1.Init.PeriphDataAlignment = DMA_PDATAALIGN_WORD;
 266              		.loc 1 103 27 is_stmt 0 view .LVU80
 267 006e 4FF48063 		mov	r3, #1024
 268 0072 0361     		str	r3, [r0, #16]
 104:Core/Src/adc.c ****     hdma_adc1.Init.MemDataAlignment = DMA_MDATAALIGN_WORD;
 269              		.loc 1 104 5 is_stmt 1 view .LVU81
 104:Core/Src/adc.c ****     hdma_adc1.Init.MemDataAlignment = DMA_MDATAALIGN_WORD;
 270              		.loc 1 104 40 is_stmt 0 view .LVU82
 271 0074 4FF48053 		mov	r3, #4096
 272 0078 4361     		str	r3, [r0, #20]
 105:Core/Src/adc.c ****     hdma_adc1.Init.Mode = DMA_CIRCULAR;
 273              		.loc 1 105 5 is_stmt 1 view .LVU83
 105:Core/Src/adc.c ****     hdma_adc1.Init.Mode = DMA_CIRCULAR;
 274              		.loc 1 105 37 is_stmt 0 view .LVU84
 275 007a 4FF48043 		mov	r3, #16384
 276 007e 8361     		str	r3, [r0, #24]
 106:Core/Src/adc.c ****     hdma_adc1.Init.Priority = DMA_PRIORITY_MEDIUM;
 277              		.loc 1 106 5 is_stmt 1 view .LVU85
 106:Core/Src/adc.c ****     hdma_adc1.Init.Priority = DMA_PRIORITY_MEDIUM;
 278              		.loc 1 106 25 is_stmt 0 view .LVU86
 279 0080 4FF48073 		mov	r3, #256
 280 0084 C361     		str	r3, [r0, #28]
 107:Core/Src/adc.c ****     hdma_adc1.Init.FIFOMode = DMA_FIFOMODE_DISABLE;
 281              		.loc 1 107 5 is_stmt 1 view .LVU87
 107:Core/Src/adc.c ****     hdma_adc1.Init.FIFOMode = DMA_FIFOMODE_DISABLE;
 282              		.loc 1 107 29 is_stmt 0 view .LVU88
 283 0086 4FF48033 		mov	r3, #65536
 284 008a 0362     		str	r3, [r0, #32]
 108:Core/Src/adc.c ****     if (HAL_DMA_Init(&hdma_adc1) != HAL_OK)
 285              		.loc 1 108 5 is_stmt 1 view .LVU89
 108:Core/Src/adc.c ****     if (HAL_DMA_Init(&hdma_adc1) != HAL_OK)
 286              		.loc 1 108 29 is_stmt 0 view .LVU90
 287 008c 4562     		str	r5, [r0, #36]
 109:Core/Src/adc.c ****     {
 288              		.loc 1 109 5 is_stmt 1 view .LVU91
 109:Core/Src/adc.c ****     {
 289              		.loc 1 109 9 is_stmt 0 view .LVU92
 290 008e FFF7FEFF 		bl	HAL_DMA_Init
 291              	.LVL9:
 109:Core/Src/adc.c ****     {
 292              		.loc 1 109 8 view .LVU93
 293 0092 18B9     		cbnz	r0, .L14
 294              	.L11:
 114:Core/Src/adc.c **** 
ARM GAS  C:\Users\user-pc\AppData\Local\Temp\cc6lks1p.s 			page 9


 295              		.loc 1 114 5 is_stmt 1 view .LVU94
 114:Core/Src/adc.c **** 
 296              		.loc 1 114 5 view .LVU95
 297 0094 044B     		ldr	r3, .L15+4
 298 0096 A363     		str	r3, [r4, #56]
 114:Core/Src/adc.c **** 
 299              		.loc 1 114 5 view .LVU96
 300 0098 9C63     		str	r4, [r3, #56]
 114:Core/Src/adc.c **** 
 301              		.loc 1 114 5 view .LVU97
 302              		.loc 1 120 1 is_stmt 0 view .LVU98
 303 009a C0E7     		b	.L9
 304              	.L14:
 111:Core/Src/adc.c ****     }
 305              		.loc 1 111 7 is_stmt 1 view .LVU99
 306 009c FFF7FEFF 		bl	Error_Handler
 307              	.LVL10:
 308 00a0 F8E7     		b	.L11
 309              	.L16:
 310 00a2 00BF     		.align	2
 311              	.L15:
 312 00a4 00000240 		.word	1073872896
 313 00a8 00000000 		.word	.LANCHOR1
 314 00ac 10640240 		.word	1073898512
 315              		.cfi_endproc
 316              	.LFE217:
 318              		.section	.text.HAL_ADC_MspDeInit,"ax",%progbits
 319              		.align	1
 320              		.global	HAL_ADC_MspDeInit
 321              		.syntax unified
 322              		.thumb
 323              		.thumb_func
 324              		.fpu fpv4-sp-d16
 326              	HAL_ADC_MspDeInit:
 327              	.LVL11:
 328              	.LFB218:
 121:Core/Src/adc.c **** 
 122:Core/Src/adc.c **** void HAL_ADC_MspDeInit(ADC_HandleTypeDef* adcHandle)
 123:Core/Src/adc.c **** {
 329              		.loc 1 123 1 view -0
 330              		.cfi_startproc
 331              		@ args = 0, pretend = 0, frame = 0
 332              		@ frame_needed = 0, uses_anonymous_args = 0
 124:Core/Src/adc.c **** 
 125:Core/Src/adc.c ****   if(adcHandle->Instance==ADC1)
 333              		.loc 1 125 3 view .LVU101
 334              		.loc 1 125 15 is_stmt 0 view .LVU102
 335 0000 0268     		ldr	r2, [r0]
 336              		.loc 1 125 5 view .LVU103
 337 0002 094B     		ldr	r3, .L24
 338 0004 9A42     		cmp	r2, r3
 339 0006 00D0     		beq	.L23
 340 0008 7047     		bx	lr
 341              	.L23:
 123:Core/Src/adc.c **** 
 342              		.loc 1 123 1 view .LVU104
 343 000a 10B5     		push	{r4, lr}
ARM GAS  C:\Users\user-pc\AppData\Local\Temp\cc6lks1p.s 			page 10


 344              	.LCFI8:
 345              		.cfi_def_cfa_offset 8
 346              		.cfi_offset 4, -8
 347              		.cfi_offset 14, -4
 348 000c 0446     		mov	r4, r0
 126:Core/Src/adc.c ****   {
 127:Core/Src/adc.c ****   /* USER CODE BEGIN ADC1_MspDeInit 0 */
 128:Core/Src/adc.c **** 
 129:Core/Src/adc.c ****   /* USER CODE END ADC1_MspDeInit 0 */
 130:Core/Src/adc.c ****     /* Peripheral clock disable */
 131:Core/Src/adc.c ****     __HAL_RCC_ADC1_CLK_DISABLE();
 349              		.loc 1 131 5 is_stmt 1 view .LVU105
 350 000e 074A     		ldr	r2, .L24+4
 351 0010 536C     		ldr	r3, [r2, #68]
 352 0012 23F48073 		bic	r3, r3, #256
 353 0016 5364     		str	r3, [r2, #68]
 132:Core/Src/adc.c **** 
 133:Core/Src/adc.c ****     /**ADC1 GPIO Configuration
 134:Core/Src/adc.c ****     PA4     ------> ADC1_IN4
 135:Core/Src/adc.c ****     */
 136:Core/Src/adc.c ****     HAL_GPIO_DeInit(GPIOA, GPIO_PIN_4);
 354              		.loc 1 136 5 view .LVU106
 355 0018 1021     		movs	r1, #16
 356 001a 0548     		ldr	r0, .L24+8
 357              	.LVL12:
 358              		.loc 1 136 5 is_stmt 0 view .LVU107
 359 001c FFF7FEFF 		bl	HAL_GPIO_DeInit
 360              	.LVL13:
 137:Core/Src/adc.c **** 
 138:Core/Src/adc.c ****     /* ADC1 DMA DeInit */
 139:Core/Src/adc.c ****     HAL_DMA_DeInit(adcHandle->DMA_Handle);
 361              		.loc 1 139 5 is_stmt 1 view .LVU108
 362 0020 A06B     		ldr	r0, [r4, #56]
 363 0022 FFF7FEFF 		bl	HAL_DMA_DeInit
 364              	.LVL14:
 140:Core/Src/adc.c ****   /* USER CODE BEGIN ADC1_MspDeInit 1 */
 141:Core/Src/adc.c **** 
 142:Core/Src/adc.c ****   /* USER CODE END ADC1_MspDeInit 1 */
 143:Core/Src/adc.c ****   }
 144:Core/Src/adc.c **** }
 365              		.loc 1 144 1 is_stmt 0 view .LVU109
 366 0026 10BD     		pop	{r4, pc}
 367              	.LVL15:
 368              	.L25:
 369              		.loc 1 144 1 view .LVU110
 370              		.align	2
 371              	.L24:
 372 0028 00200140 		.word	1073815552
 373 002c 00380240 		.word	1073887232
 374 0030 00000240 		.word	1073872896
 375              		.cfi_endproc
 376              	.LFE218:
 378              		.global	hdma_adc1
 379              		.global	hadc1
 380              		.section	.bss.hadc1,"aw",%nobits
 381              		.align	2
 382              		.set	.LANCHOR0,. + 0
ARM GAS  C:\Users\user-pc\AppData\Local\Temp\cc6lks1p.s 			page 11


 385              	hadc1:
 386 0000 00000000 		.space	72
 386      00000000 
 386      00000000 
 386      00000000 
 386      00000000 
 387              		.section	.bss.hdma_adc1,"aw",%nobits
 388              		.align	2
 389              		.set	.LANCHOR1,. + 0
 392              	hdma_adc1:
 393 0000 00000000 		.space	96
 393      00000000 
 393      00000000 
 393      00000000 
 393      00000000 
 394              		.text
 395              	.Letext0:
 396              		.file 2 "c:\\program files (x86)\\gnu arm embedded toolchain\\10 2020-q4-major\\arm-none-eabi\\inc
 397              		.file 3 "c:\\program files (x86)\\gnu arm embedded toolchain\\10 2020-q4-major\\arm-none-eabi\\inc
 398              		.file 4 "Drivers/CMSIS/Device/ST/STM32F4xx/Include/stm32f411xe.h"
 399              		.file 5 "Drivers/CMSIS/Device/ST/STM32F4xx/Include/stm32f4xx.h"
 400              		.file 6 "Drivers/STM32F4xx_HAL_Driver/Inc/stm32f4xx_hal_def.h"
 401              		.file 7 "Drivers/STM32F4xx_HAL_Driver/Inc/stm32f4xx_hal_gpio.h"
 402              		.file 8 "Drivers/STM32F4xx_HAL_Driver/Inc/stm32f4xx_hal_dma.h"
 403              		.file 9 "Drivers/STM32F4xx_HAL_Driver/Inc/stm32f4xx_hal_adc.h"
 404              		.file 10 "Core/Inc/adc.h"
 405              		.file 11 "Core/Inc/main.h"
ARM GAS  C:\Users\user-pc\AppData\Local\Temp\cc6lks1p.s 			page 12


DEFINED SYMBOLS
                            *ABS*:00000000 adc.c
C:\Users\user-pc\AppData\Local\Temp\cc6lks1p.s:18     .text.MX_ADC1_Init:00000000 $t
C:\Users\user-pc\AppData\Local\Temp\cc6lks1p.s:26     .text.MX_ADC1_Init:00000000 MX_ADC1_Init
C:\Users\user-pc\AppData\Local\Temp\cc6lks1p.s:139    .text.MX_ADC1_Init:00000064 $d
C:\Users\user-pc\AppData\Local\Temp\cc6lks1p.s:146    .text.HAL_ADC_MspInit:00000000 $t
C:\Users\user-pc\AppData\Local\Temp\cc6lks1p.s:153    .text.HAL_ADC_MspInit:00000000 HAL_ADC_MspInit
C:\Users\user-pc\AppData\Local\Temp\cc6lks1p.s:312    .text.HAL_ADC_MspInit:000000a4 $d
C:\Users\user-pc\AppData\Local\Temp\cc6lks1p.s:319    .text.HAL_ADC_MspDeInit:00000000 $t
C:\Users\user-pc\AppData\Local\Temp\cc6lks1p.s:326    .text.HAL_ADC_MspDeInit:00000000 HAL_ADC_MspDeInit
C:\Users\user-pc\AppData\Local\Temp\cc6lks1p.s:372    .text.HAL_ADC_MspDeInit:00000028 $d
C:\Users\user-pc\AppData\Local\Temp\cc6lks1p.s:392    .bss.hdma_adc1:00000000 hdma_adc1
C:\Users\user-pc\AppData\Local\Temp\cc6lks1p.s:385    .bss.hadc1:00000000 hadc1
C:\Users\user-pc\AppData\Local\Temp\cc6lks1p.s:381    .bss.hadc1:00000000 $d
C:\Users\user-pc\AppData\Local\Temp\cc6lks1p.s:388    .bss.hdma_adc1:00000000 $d

UNDEFINED SYMBOLS
HAL_ADC_Init
HAL_ADC_ConfigChannel
Error_Handler
HAL_GPIO_Init
HAL_DMA_Init
HAL_GPIO_DeInit
HAL_DMA_DeInit
