ARM GAS  C:\Users\user-pc\AppData\Local\Temp\cc01t98R.s 			page 1


   1              		.cpu cortex-m4
   2              		.eabi_attribute 27, 1
   3              		.eabi_attribute 28, 1
   4              		.eabi_attribute 20, 1
   5              		.eabi_attribute 21, 1
   6              		.eabi_attribute 23, 3
   7              		.eabi_attribute 24, 1
   8              		.eabi_attribute 25, 1
   9              		.eabi_attribute 26, 1
  10              		.eabi_attribute 30, 1
  11              		.eabi_attribute 34, 1
  12              		.eabi_attribute 18, 4
  13              		.file	"main.c"
  14              		.text
  15              	.Ltext0:
  16              		.cfi_sections	.debug_frame
  17              		.section	.text.Error_Handler,"ax",%progbits
  18              		.align	1
  19              		.global	Error_Handler
  20              		.arch armv7e-m
  21              		.syntax unified
  22              		.thumb
  23              		.thumb_func
  24              		.fpu fpv4-sp-d16
  26              	Error_Handler:
  27              	.LFB222:
  28              		.file 1 "Core/Src/main.c"
   1:Core/Src/main.c **** #include "main.h"
   2:Core/Src/main.c **** #include "adc.h"
   3:Core/Src/main.c **** #include "dma.h"
   4:Core/Src/main.c **** #include "spi.h"
   5:Core/Src/main.c **** #include "usb_device.h"
   6:Core/Src/main.c **** #include "usbd_cdc_if.h"
   7:Core/Src/main.c **** #include "gpio.h"
   8:Core/Src/main.c **** #include "NRF24L01.h"
   9:Core/Src/main.c **** 
  10:Core/Src/main.c **** void SystemClock_Config(void);
  11:Core/Src/main.c **** 
  12:Core/Src/main.c **** int main(void)
  13:Core/Src/main.c **** {
  14:Core/Src/main.c ****   HAL_Init();
  15:Core/Src/main.c ****   SystemClock_Config();
  16:Core/Src/main.c ****   MX_GPIO_Init();
  17:Core/Src/main.c ****   MX_DMA_Init();
  18:Core/Src/main.c ****   MX_SPI3_Init();
  19:Core/Src/main.c ****   MX_USB_DEVICE_Init();
  20:Core/Src/main.c ****   MX_ADC1_Init();
  21:Core/Src/main.c ****   HAL_Delay(500);
  22:Core/Src/main.c **** 
  23:Core/Src/main.c ****   // Initialise radio as a transmitter
  24:Core/Src/main.c ****   NRF24L01_Initialise_Tx();
  25:Core/Src/main.c ****   HAL_Delay(500);
  26:Core/Src/main.c **** 
  27:Core/Src/main.c ****   uint32_t pot_value = 0;
  28:Core/Src/main.c **** 
  29:Core/Src/main.c ****   while (1)
  30:Core/Src/main.c ****   {
ARM GAS  C:\Users\user-pc\AppData\Local\Temp\cc01t98R.s 			page 2


  31:Core/Src/main.c ****     // Read the potentiometer value from the ADC via DMA
  32:Core/Src/main.c ****     HAL_ADC_Start_DMA(&hadc1, &pot_value, 1);
  33:Core/Src/main.c **** 
  34:Core/Src/main.c ****     // Transmit the potentiometer value via radio
  35:Core/Src/main.c ****     NRF24L01_Transmit((uint8_t *)&pot_value, 2);
  36:Core/Src/main.c **** 
  37:Core/Src/main.c ****     HAL_Delay(10);
  38:Core/Src/main.c ****   }
  39:Core/Src/main.c **** }
  40:Core/Src/main.c **** 
  41:Core/Src/main.c **** /**
  42:Core/Src/main.c ****  * @brief System Clock Configuration
  43:Core/Src/main.c ****  * @retval None
  44:Core/Src/main.c ****  */
  45:Core/Src/main.c **** void SystemClock_Config(void)
  46:Core/Src/main.c **** {
  47:Core/Src/main.c ****   RCC_OscInitTypeDef RCC_OscInitStruct = {0};
  48:Core/Src/main.c ****   RCC_ClkInitTypeDef RCC_ClkInitStruct = {0};
  49:Core/Src/main.c **** 
  50:Core/Src/main.c ****   /** Configure the main internal regulator output voltage
  51:Core/Src/main.c ****    */
  52:Core/Src/main.c ****   __HAL_RCC_PWR_CLK_ENABLE();
  53:Core/Src/main.c ****   __HAL_PWR_VOLTAGESCALING_CONFIG(PWR_REGULATOR_VOLTAGE_SCALE1);
  54:Core/Src/main.c ****   /** Initializes the RCC Oscillators according to the specified parameters
  55:Core/Src/main.c ****    * in the RCC_OscInitTypeDef structure.
  56:Core/Src/main.c ****    */
  57:Core/Src/main.c ****   RCC_OscInitStruct.OscillatorType = RCC_OSCILLATORTYPE_HSE;
  58:Core/Src/main.c ****   RCC_OscInitStruct.HSEState = RCC_HSE_ON;
  59:Core/Src/main.c ****   RCC_OscInitStruct.PLL.PLLState = RCC_PLL_ON;
  60:Core/Src/main.c ****   RCC_OscInitStruct.PLL.PLLSource = RCC_PLLSOURCE_HSE;
  61:Core/Src/main.c ****   RCC_OscInitStruct.PLL.PLLM = 14;
  62:Core/Src/main.c ****   RCC_OscInitStruct.PLL.PLLN = 336;
  63:Core/Src/main.c ****   RCC_OscInitStruct.PLL.PLLP = RCC_PLLP_DIV4;
  64:Core/Src/main.c ****   RCC_OscInitStruct.PLL.PLLQ = 8;
  65:Core/Src/main.c ****   if (HAL_RCC_OscConfig(&RCC_OscInitStruct) != HAL_OK)
  66:Core/Src/main.c ****   {
  67:Core/Src/main.c ****     Error_Handler();
  68:Core/Src/main.c ****   }
  69:Core/Src/main.c ****   /** Initializes the CPU, AHB and APB buses clocks
  70:Core/Src/main.c ****    */
  71:Core/Src/main.c ****   RCC_ClkInitStruct.ClockType = RCC_CLOCKTYPE_HCLK | RCC_CLOCKTYPE_SYSCLK | RCC_CLOCKTYPE_PCLK1 | R
  72:Core/Src/main.c ****   RCC_ClkInitStruct.SYSCLKSource = RCC_SYSCLKSOURCE_PLLCLK;
  73:Core/Src/main.c ****   RCC_ClkInitStruct.AHBCLKDivider = RCC_SYSCLK_DIV1;
  74:Core/Src/main.c ****   RCC_ClkInitStruct.APB1CLKDivider = RCC_HCLK_DIV2;
  75:Core/Src/main.c ****   RCC_ClkInitStruct.APB2CLKDivider = RCC_HCLK_DIV1;
  76:Core/Src/main.c **** 
  77:Core/Src/main.c ****   if (HAL_RCC_ClockConfig(&RCC_ClkInitStruct, FLASH_LATENCY_3) != HAL_OK)
  78:Core/Src/main.c ****   {
  79:Core/Src/main.c ****     Error_Handler();
  80:Core/Src/main.c ****   }
  81:Core/Src/main.c **** }
  82:Core/Src/main.c **** 
  83:Core/Src/main.c **** /**
  84:Core/Src/main.c ****  * @brief  This function is executed in case of error occurrence.
  85:Core/Src/main.c ****  * @retval None
  86:Core/Src/main.c ****  */
  87:Core/Src/main.c **** void Error_Handler(void)
ARM GAS  C:\Users\user-pc\AppData\Local\Temp\cc01t98R.s 			page 3


  88:Core/Src/main.c **** {
  29              		.loc 1 88 1 view -0
  30              		.cfi_startproc
  31              		@ Volatile: function does not return.
  32              		@ args = 0, pretend = 0, frame = 0
  33              		@ frame_needed = 0, uses_anonymous_args = 0
  34              		@ link register save eliminated.
  89:Core/Src/main.c ****   /* USER CODE BEGIN Error_Handler_Debug */
  90:Core/Src/main.c ****   /* User can add his own implementation to report the HAL error return state */
  91:Core/Src/main.c ****   __disable_irq();
  35              		.loc 1 91 3 view .LVU1
  36              	.LBB4:
  37              	.LBI4:
  38              		.file 2 "Drivers/CMSIS/Include/cmsis_gcc.h"
   1:Drivers/CMSIS/Include/cmsis_gcc.h **** /**************************************************************************//**
   2:Drivers/CMSIS/Include/cmsis_gcc.h ****  * @file     cmsis_gcc.h
   3:Drivers/CMSIS/Include/cmsis_gcc.h ****  * @brief    CMSIS compiler GCC header file
   4:Drivers/CMSIS/Include/cmsis_gcc.h ****  * @version  V5.0.4
   5:Drivers/CMSIS/Include/cmsis_gcc.h ****  * @date     09. April 2018
   6:Drivers/CMSIS/Include/cmsis_gcc.h ****  ******************************************************************************/
   7:Drivers/CMSIS/Include/cmsis_gcc.h **** /*
   8:Drivers/CMSIS/Include/cmsis_gcc.h ****  * Copyright (c) 2009-2018 Arm Limited. All rights reserved.
   9:Drivers/CMSIS/Include/cmsis_gcc.h ****  *
  10:Drivers/CMSIS/Include/cmsis_gcc.h ****  * SPDX-License-Identifier: Apache-2.0
  11:Drivers/CMSIS/Include/cmsis_gcc.h ****  *
  12:Drivers/CMSIS/Include/cmsis_gcc.h ****  * Licensed under the Apache License, Version 2.0 (the License); you may
  13:Drivers/CMSIS/Include/cmsis_gcc.h ****  * not use this file except in compliance with the License.
  14:Drivers/CMSIS/Include/cmsis_gcc.h ****  * You may obtain a copy of the License at
  15:Drivers/CMSIS/Include/cmsis_gcc.h ****  *
  16:Drivers/CMSIS/Include/cmsis_gcc.h ****  * www.apache.org/licenses/LICENSE-2.0
  17:Drivers/CMSIS/Include/cmsis_gcc.h ****  *
  18:Drivers/CMSIS/Include/cmsis_gcc.h ****  * Unless required by applicable law or agreed to in writing, software
  19:Drivers/CMSIS/Include/cmsis_gcc.h ****  * distributed under the License is distributed on an AS IS BASIS, WITHOUT
  20:Drivers/CMSIS/Include/cmsis_gcc.h ****  * WARRANTIES OR CONDITIONS OF ANY KIND, either express or implied.
  21:Drivers/CMSIS/Include/cmsis_gcc.h ****  * See the License for the specific language governing permissions and
  22:Drivers/CMSIS/Include/cmsis_gcc.h ****  * limitations under the License.
  23:Drivers/CMSIS/Include/cmsis_gcc.h ****  */
  24:Drivers/CMSIS/Include/cmsis_gcc.h **** 
  25:Drivers/CMSIS/Include/cmsis_gcc.h **** #ifndef __CMSIS_GCC_H
  26:Drivers/CMSIS/Include/cmsis_gcc.h **** #define __CMSIS_GCC_H
  27:Drivers/CMSIS/Include/cmsis_gcc.h **** 
  28:Drivers/CMSIS/Include/cmsis_gcc.h **** /* ignore some GCC warnings */
  29:Drivers/CMSIS/Include/cmsis_gcc.h **** #pragma GCC diagnostic push
  30:Drivers/CMSIS/Include/cmsis_gcc.h **** #pragma GCC diagnostic ignored "-Wsign-conversion"
  31:Drivers/CMSIS/Include/cmsis_gcc.h **** #pragma GCC diagnostic ignored "-Wconversion"
  32:Drivers/CMSIS/Include/cmsis_gcc.h **** #pragma GCC diagnostic ignored "-Wunused-parameter"
  33:Drivers/CMSIS/Include/cmsis_gcc.h **** 
  34:Drivers/CMSIS/Include/cmsis_gcc.h **** /* Fallback for __has_builtin */
  35:Drivers/CMSIS/Include/cmsis_gcc.h **** #ifndef __has_builtin
  36:Drivers/CMSIS/Include/cmsis_gcc.h ****   #define __has_builtin(x) (0)
  37:Drivers/CMSIS/Include/cmsis_gcc.h **** #endif
  38:Drivers/CMSIS/Include/cmsis_gcc.h **** 
  39:Drivers/CMSIS/Include/cmsis_gcc.h **** /* CMSIS compiler specific defines */
  40:Drivers/CMSIS/Include/cmsis_gcc.h **** #ifndef   __ASM
  41:Drivers/CMSIS/Include/cmsis_gcc.h ****   #define __ASM                                  __asm
  42:Drivers/CMSIS/Include/cmsis_gcc.h **** #endif
  43:Drivers/CMSIS/Include/cmsis_gcc.h **** #ifndef   __INLINE
ARM GAS  C:\Users\user-pc\AppData\Local\Temp\cc01t98R.s 			page 4


  44:Drivers/CMSIS/Include/cmsis_gcc.h ****   #define __INLINE                               inline
  45:Drivers/CMSIS/Include/cmsis_gcc.h **** #endif
  46:Drivers/CMSIS/Include/cmsis_gcc.h **** #ifndef   __STATIC_INLINE
  47:Drivers/CMSIS/Include/cmsis_gcc.h ****   #define __STATIC_INLINE                        static inline
  48:Drivers/CMSIS/Include/cmsis_gcc.h **** #endif
  49:Drivers/CMSIS/Include/cmsis_gcc.h **** #ifndef   __STATIC_FORCEINLINE                 
  50:Drivers/CMSIS/Include/cmsis_gcc.h ****   #define __STATIC_FORCEINLINE                   __attribute__((always_inline)) static inline
  51:Drivers/CMSIS/Include/cmsis_gcc.h **** #endif                                           
  52:Drivers/CMSIS/Include/cmsis_gcc.h **** #ifndef   __NO_RETURN
  53:Drivers/CMSIS/Include/cmsis_gcc.h ****   #define __NO_RETURN                            __attribute__((__noreturn__))
  54:Drivers/CMSIS/Include/cmsis_gcc.h **** #endif
  55:Drivers/CMSIS/Include/cmsis_gcc.h **** #ifndef   __USED
  56:Drivers/CMSIS/Include/cmsis_gcc.h ****   #define __USED                                 __attribute__((used))
  57:Drivers/CMSIS/Include/cmsis_gcc.h **** #endif
  58:Drivers/CMSIS/Include/cmsis_gcc.h **** #ifndef   __WEAK
  59:Drivers/CMSIS/Include/cmsis_gcc.h ****   #define __WEAK                                 __attribute__((weak))
  60:Drivers/CMSIS/Include/cmsis_gcc.h **** #endif
  61:Drivers/CMSIS/Include/cmsis_gcc.h **** #ifndef   __PACKED
  62:Drivers/CMSIS/Include/cmsis_gcc.h ****   #define __PACKED                               __attribute__((packed, aligned(1)))
  63:Drivers/CMSIS/Include/cmsis_gcc.h **** #endif
  64:Drivers/CMSIS/Include/cmsis_gcc.h **** #ifndef   __PACKED_STRUCT
  65:Drivers/CMSIS/Include/cmsis_gcc.h ****   #define __PACKED_STRUCT                        struct __attribute__((packed, aligned(1)))
  66:Drivers/CMSIS/Include/cmsis_gcc.h **** #endif
  67:Drivers/CMSIS/Include/cmsis_gcc.h **** #ifndef   __PACKED_UNION
  68:Drivers/CMSIS/Include/cmsis_gcc.h ****   #define __PACKED_UNION                         union __attribute__((packed, aligned(1)))
  69:Drivers/CMSIS/Include/cmsis_gcc.h **** #endif
  70:Drivers/CMSIS/Include/cmsis_gcc.h **** #ifndef   __UNALIGNED_UINT32        /* deprecated */
  71:Drivers/CMSIS/Include/cmsis_gcc.h ****   #pragma GCC diagnostic push
  72:Drivers/CMSIS/Include/cmsis_gcc.h ****   #pragma GCC diagnostic ignored "-Wpacked"
  73:Drivers/CMSIS/Include/cmsis_gcc.h ****   #pragma GCC diagnostic ignored "-Wattributes"
  74:Drivers/CMSIS/Include/cmsis_gcc.h ****   struct __attribute__((packed)) T_UINT32 { uint32_t v; };
  75:Drivers/CMSIS/Include/cmsis_gcc.h ****   #pragma GCC diagnostic pop
  76:Drivers/CMSIS/Include/cmsis_gcc.h ****   #define __UNALIGNED_UINT32(x)                  (((struct T_UINT32 *)(x))->v)
  77:Drivers/CMSIS/Include/cmsis_gcc.h **** #endif
  78:Drivers/CMSIS/Include/cmsis_gcc.h **** #ifndef   __UNALIGNED_UINT16_WRITE
  79:Drivers/CMSIS/Include/cmsis_gcc.h ****   #pragma GCC diagnostic push
  80:Drivers/CMSIS/Include/cmsis_gcc.h ****   #pragma GCC diagnostic ignored "-Wpacked"
  81:Drivers/CMSIS/Include/cmsis_gcc.h ****   #pragma GCC diagnostic ignored "-Wattributes"
  82:Drivers/CMSIS/Include/cmsis_gcc.h ****   __PACKED_STRUCT T_UINT16_WRITE { uint16_t v; };
  83:Drivers/CMSIS/Include/cmsis_gcc.h ****   #pragma GCC diagnostic pop
  84:Drivers/CMSIS/Include/cmsis_gcc.h ****   #define __UNALIGNED_UINT16_WRITE(addr, val)    (void)((((struct T_UINT16_WRITE *)(void *)(addr))-
  85:Drivers/CMSIS/Include/cmsis_gcc.h **** #endif
  86:Drivers/CMSIS/Include/cmsis_gcc.h **** #ifndef   __UNALIGNED_UINT16_READ
  87:Drivers/CMSIS/Include/cmsis_gcc.h ****   #pragma GCC diagnostic push
  88:Drivers/CMSIS/Include/cmsis_gcc.h ****   #pragma GCC diagnostic ignored "-Wpacked"
  89:Drivers/CMSIS/Include/cmsis_gcc.h ****   #pragma GCC diagnostic ignored "-Wattributes"
  90:Drivers/CMSIS/Include/cmsis_gcc.h ****   __PACKED_STRUCT T_UINT16_READ { uint16_t v; };
  91:Drivers/CMSIS/Include/cmsis_gcc.h ****   #pragma GCC diagnostic pop
  92:Drivers/CMSIS/Include/cmsis_gcc.h ****   #define __UNALIGNED_UINT16_READ(addr)          (((const struct T_UINT16_READ *)(const void *)(add
  93:Drivers/CMSIS/Include/cmsis_gcc.h **** #endif
  94:Drivers/CMSIS/Include/cmsis_gcc.h **** #ifndef   __UNALIGNED_UINT32_WRITE
  95:Drivers/CMSIS/Include/cmsis_gcc.h ****   #pragma GCC diagnostic push
  96:Drivers/CMSIS/Include/cmsis_gcc.h ****   #pragma GCC diagnostic ignored "-Wpacked"
  97:Drivers/CMSIS/Include/cmsis_gcc.h ****   #pragma GCC diagnostic ignored "-Wattributes"
  98:Drivers/CMSIS/Include/cmsis_gcc.h ****   __PACKED_STRUCT T_UINT32_WRITE { uint32_t v; };
  99:Drivers/CMSIS/Include/cmsis_gcc.h ****   #pragma GCC diagnostic pop
 100:Drivers/CMSIS/Include/cmsis_gcc.h ****   #define __UNALIGNED_UINT32_WRITE(addr, val)    (void)((((struct T_UINT32_WRITE *)(void *)(addr))-
ARM GAS  C:\Users\user-pc\AppData\Local\Temp\cc01t98R.s 			page 5


 101:Drivers/CMSIS/Include/cmsis_gcc.h **** #endif
 102:Drivers/CMSIS/Include/cmsis_gcc.h **** #ifndef   __UNALIGNED_UINT32_READ
 103:Drivers/CMSIS/Include/cmsis_gcc.h ****   #pragma GCC diagnostic push
 104:Drivers/CMSIS/Include/cmsis_gcc.h ****   #pragma GCC diagnostic ignored "-Wpacked"
 105:Drivers/CMSIS/Include/cmsis_gcc.h ****   #pragma GCC diagnostic ignored "-Wattributes"
 106:Drivers/CMSIS/Include/cmsis_gcc.h ****   __PACKED_STRUCT T_UINT32_READ { uint32_t v; };
 107:Drivers/CMSIS/Include/cmsis_gcc.h ****   #pragma GCC diagnostic pop
 108:Drivers/CMSIS/Include/cmsis_gcc.h ****   #define __UNALIGNED_UINT32_READ(addr)          (((const struct T_UINT32_READ *)(const void *)(add
 109:Drivers/CMSIS/Include/cmsis_gcc.h **** #endif
 110:Drivers/CMSIS/Include/cmsis_gcc.h **** #ifndef   __ALIGNED
 111:Drivers/CMSIS/Include/cmsis_gcc.h ****   #define __ALIGNED(x)                           __attribute__((aligned(x)))
 112:Drivers/CMSIS/Include/cmsis_gcc.h **** #endif
 113:Drivers/CMSIS/Include/cmsis_gcc.h **** #ifndef   __RESTRICT
 114:Drivers/CMSIS/Include/cmsis_gcc.h ****   #define __RESTRICT                             __restrict
 115:Drivers/CMSIS/Include/cmsis_gcc.h **** #endif
 116:Drivers/CMSIS/Include/cmsis_gcc.h **** 
 117:Drivers/CMSIS/Include/cmsis_gcc.h **** 
 118:Drivers/CMSIS/Include/cmsis_gcc.h **** /* ###########################  Core Function Access  ########################### */
 119:Drivers/CMSIS/Include/cmsis_gcc.h **** /** \ingroup  CMSIS_Core_FunctionInterface
 120:Drivers/CMSIS/Include/cmsis_gcc.h ****     \defgroup CMSIS_Core_RegAccFunctions CMSIS Core Register Access Functions
 121:Drivers/CMSIS/Include/cmsis_gcc.h ****   @{
 122:Drivers/CMSIS/Include/cmsis_gcc.h ****  */
 123:Drivers/CMSIS/Include/cmsis_gcc.h **** 
 124:Drivers/CMSIS/Include/cmsis_gcc.h **** /**
 125:Drivers/CMSIS/Include/cmsis_gcc.h ****   \brief   Enable IRQ Interrupts
 126:Drivers/CMSIS/Include/cmsis_gcc.h ****   \details Enables IRQ interrupts by clearing the I-bit in the CPSR.
 127:Drivers/CMSIS/Include/cmsis_gcc.h ****            Can only be executed in Privileged modes.
 128:Drivers/CMSIS/Include/cmsis_gcc.h ****  */
 129:Drivers/CMSIS/Include/cmsis_gcc.h **** __STATIC_FORCEINLINE void __enable_irq(void)
 130:Drivers/CMSIS/Include/cmsis_gcc.h **** {
 131:Drivers/CMSIS/Include/cmsis_gcc.h ****   __ASM volatile ("cpsie i" : : : "memory");
 132:Drivers/CMSIS/Include/cmsis_gcc.h **** }
 133:Drivers/CMSIS/Include/cmsis_gcc.h **** 
 134:Drivers/CMSIS/Include/cmsis_gcc.h **** 
 135:Drivers/CMSIS/Include/cmsis_gcc.h **** /**
 136:Drivers/CMSIS/Include/cmsis_gcc.h ****   \brief   Disable IRQ Interrupts
 137:Drivers/CMSIS/Include/cmsis_gcc.h ****   \details Disables IRQ interrupts by setting the I-bit in the CPSR.
 138:Drivers/CMSIS/Include/cmsis_gcc.h ****            Can only be executed in Privileged modes.
 139:Drivers/CMSIS/Include/cmsis_gcc.h ****  */
 140:Drivers/CMSIS/Include/cmsis_gcc.h **** __STATIC_FORCEINLINE void __disable_irq(void)
  39              		.loc 2 140 27 view .LVU2
  40              	.LBB5:
 141:Drivers/CMSIS/Include/cmsis_gcc.h **** {
 142:Drivers/CMSIS/Include/cmsis_gcc.h ****   __ASM volatile ("cpsid i" : : : "memory");
  41              		.loc 2 142 3 view .LVU3
  42              		.syntax unified
  43              	@ 142 "Drivers/CMSIS/Include/cmsis_gcc.h" 1
  44 0000 72B6     		cpsid i
  45              	@ 0 "" 2
  46              		.thumb
  47              		.syntax unified
  48              	.L2:
  49              	.LBE5:
  50              	.LBE4:
  92:Core/Src/main.c ****   while (1)
  51              		.loc 1 92 3 discriminator 1 view .LVU4
  93:Core/Src/main.c ****   {
ARM GAS  C:\Users\user-pc\AppData\Local\Temp\cc01t98R.s 			page 6


  94:Core/Src/main.c ****   }
  52              		.loc 1 94 3 discriminator 1 view .LVU5
  92:Core/Src/main.c ****   while (1)
  53              		.loc 1 92 9 discriminator 1 view .LVU6
  54 0002 FEE7     		b	.L2
  55              		.cfi_endproc
  56              	.LFE222:
  58              		.section	.text.SystemClock_Config,"ax",%progbits
  59              		.align	1
  60              		.global	SystemClock_Config
  61              		.syntax unified
  62              		.thumb
  63              		.thumb_func
  64              		.fpu fpv4-sp-d16
  66              	SystemClock_Config:
  67              	.LFB221:
  46:Core/Src/main.c ****   RCC_OscInitTypeDef RCC_OscInitStruct = {0};
  68              		.loc 1 46 1 view -0
  69              		.cfi_startproc
  70              		@ args = 0, pretend = 0, frame = 80
  71              		@ frame_needed = 0, uses_anonymous_args = 0
  72 0000 00B5     		push	{lr}
  73              	.LCFI0:
  74              		.cfi_def_cfa_offset 4
  75              		.cfi_offset 14, -4
  76 0002 95B0     		sub	sp, sp, #84
  77              	.LCFI1:
  78              		.cfi_def_cfa_offset 88
  47:Core/Src/main.c ****   RCC_ClkInitTypeDef RCC_ClkInitStruct = {0};
  79              		.loc 1 47 3 view .LVU8
  47:Core/Src/main.c ****   RCC_ClkInitTypeDef RCC_ClkInitStruct = {0};
  80              		.loc 1 47 22 is_stmt 0 view .LVU9
  81 0004 3022     		movs	r2, #48
  82 0006 0021     		movs	r1, #0
  83 0008 08A8     		add	r0, sp, #32
  84 000a FFF7FEFF 		bl	memset
  85              	.LVL0:
  48:Core/Src/main.c **** 
  86              		.loc 1 48 3 is_stmt 1 view .LVU10
  48:Core/Src/main.c **** 
  87              		.loc 1 48 22 is_stmt 0 view .LVU11
  88 000e 0023     		movs	r3, #0
  89 0010 0393     		str	r3, [sp, #12]
  90 0012 0493     		str	r3, [sp, #16]
  91 0014 0593     		str	r3, [sp, #20]
  92 0016 0693     		str	r3, [sp, #24]
  93 0018 0793     		str	r3, [sp, #28]
  52:Core/Src/main.c ****   __HAL_PWR_VOLTAGESCALING_CONFIG(PWR_REGULATOR_VOLTAGE_SCALE1);
  94              		.loc 1 52 3 is_stmt 1 view .LVU12
  95              	.LBB6:
  52:Core/Src/main.c ****   __HAL_PWR_VOLTAGESCALING_CONFIG(PWR_REGULATOR_VOLTAGE_SCALE1);
  96              		.loc 1 52 3 view .LVU13
  97 001a 0193     		str	r3, [sp, #4]
  52:Core/Src/main.c ****   __HAL_PWR_VOLTAGESCALING_CONFIG(PWR_REGULATOR_VOLTAGE_SCALE1);
  98              		.loc 1 52 3 view .LVU14
  99 001c 204A     		ldr	r2, .L9
 100 001e 116C     		ldr	r1, [r2, #64]
ARM GAS  C:\Users\user-pc\AppData\Local\Temp\cc01t98R.s 			page 7


 101 0020 41F08051 		orr	r1, r1, #268435456
 102 0024 1164     		str	r1, [r2, #64]
  52:Core/Src/main.c ****   __HAL_PWR_VOLTAGESCALING_CONFIG(PWR_REGULATOR_VOLTAGE_SCALE1);
 103              		.loc 1 52 3 view .LVU15
 104 0026 126C     		ldr	r2, [r2, #64]
 105 0028 02F08052 		and	r2, r2, #268435456
 106 002c 0192     		str	r2, [sp, #4]
  52:Core/Src/main.c ****   __HAL_PWR_VOLTAGESCALING_CONFIG(PWR_REGULATOR_VOLTAGE_SCALE1);
 107              		.loc 1 52 3 view .LVU16
 108 002e 019A     		ldr	r2, [sp, #4]
 109              	.LBE6:
  52:Core/Src/main.c ****   __HAL_PWR_VOLTAGESCALING_CONFIG(PWR_REGULATOR_VOLTAGE_SCALE1);
 110              		.loc 1 52 3 view .LVU17
  53:Core/Src/main.c ****   /** Initializes the RCC Oscillators according to the specified parameters
 111              		.loc 1 53 3 view .LVU18
 112              	.LBB7:
  53:Core/Src/main.c ****   /** Initializes the RCC Oscillators according to the specified parameters
 113              		.loc 1 53 3 view .LVU19
 114 0030 0293     		str	r3, [sp, #8]
  53:Core/Src/main.c ****   /** Initializes the RCC Oscillators according to the specified parameters
 115              		.loc 1 53 3 view .LVU20
 116 0032 1C4B     		ldr	r3, .L9+4
 117 0034 1A68     		ldr	r2, [r3]
 118 0036 42F44042 		orr	r2, r2, #49152
 119 003a 1A60     		str	r2, [r3]
  53:Core/Src/main.c ****   /** Initializes the RCC Oscillators according to the specified parameters
 120              		.loc 1 53 3 view .LVU21
 121 003c 1B68     		ldr	r3, [r3]
 122 003e 03F44043 		and	r3, r3, #49152
 123 0042 0293     		str	r3, [sp, #8]
  53:Core/Src/main.c ****   /** Initializes the RCC Oscillators according to the specified parameters
 124              		.loc 1 53 3 view .LVU22
 125 0044 029B     		ldr	r3, [sp, #8]
 126              	.LBE7:
  53:Core/Src/main.c ****   /** Initializes the RCC Oscillators according to the specified parameters
 127              		.loc 1 53 3 view .LVU23
  57:Core/Src/main.c ****   RCC_OscInitStruct.HSEState = RCC_HSE_ON;
 128              		.loc 1 57 3 view .LVU24
  57:Core/Src/main.c ****   RCC_OscInitStruct.HSEState = RCC_HSE_ON;
 129              		.loc 1 57 36 is_stmt 0 view .LVU25
 130 0046 0123     		movs	r3, #1
 131 0048 0893     		str	r3, [sp, #32]
  58:Core/Src/main.c ****   RCC_OscInitStruct.PLL.PLLState = RCC_PLL_ON;
 132              		.loc 1 58 3 is_stmt 1 view .LVU26
  58:Core/Src/main.c ****   RCC_OscInitStruct.PLL.PLLState = RCC_PLL_ON;
 133              		.loc 1 58 30 is_stmt 0 view .LVU27
 134 004a 4FF48033 		mov	r3, #65536
 135 004e 0993     		str	r3, [sp, #36]
  59:Core/Src/main.c ****   RCC_OscInitStruct.PLL.PLLSource = RCC_PLLSOURCE_HSE;
 136              		.loc 1 59 3 is_stmt 1 view .LVU28
  59:Core/Src/main.c ****   RCC_OscInitStruct.PLL.PLLSource = RCC_PLLSOURCE_HSE;
 137              		.loc 1 59 34 is_stmt 0 view .LVU29
 138 0050 0223     		movs	r3, #2
 139 0052 0E93     		str	r3, [sp, #56]
  60:Core/Src/main.c ****   RCC_OscInitStruct.PLL.PLLM = 14;
 140              		.loc 1 60 3 is_stmt 1 view .LVU30
  60:Core/Src/main.c ****   RCC_OscInitStruct.PLL.PLLM = 14;
ARM GAS  C:\Users\user-pc\AppData\Local\Temp\cc01t98R.s 			page 8


 141              		.loc 1 60 35 is_stmt 0 view .LVU31
 142 0054 4FF48003 		mov	r3, #4194304
 143 0058 0F93     		str	r3, [sp, #60]
  61:Core/Src/main.c ****   RCC_OscInitStruct.PLL.PLLN = 336;
 144              		.loc 1 61 3 is_stmt 1 view .LVU32
  61:Core/Src/main.c ****   RCC_OscInitStruct.PLL.PLLN = 336;
 145              		.loc 1 61 30 is_stmt 0 view .LVU33
 146 005a 0E23     		movs	r3, #14
 147 005c 1093     		str	r3, [sp, #64]
  62:Core/Src/main.c ****   RCC_OscInitStruct.PLL.PLLP = RCC_PLLP_DIV4;
 148              		.loc 1 62 3 is_stmt 1 view .LVU34
  62:Core/Src/main.c ****   RCC_OscInitStruct.PLL.PLLP = RCC_PLLP_DIV4;
 149              		.loc 1 62 30 is_stmt 0 view .LVU35
 150 005e 4FF4A873 		mov	r3, #336
 151 0062 1193     		str	r3, [sp, #68]
  63:Core/Src/main.c ****   RCC_OscInitStruct.PLL.PLLQ = 8;
 152              		.loc 1 63 3 is_stmt 1 view .LVU36
  63:Core/Src/main.c ****   RCC_OscInitStruct.PLL.PLLQ = 8;
 153              		.loc 1 63 30 is_stmt 0 view .LVU37
 154 0064 0423     		movs	r3, #4
 155 0066 1293     		str	r3, [sp, #72]
  64:Core/Src/main.c ****   if (HAL_RCC_OscConfig(&RCC_OscInitStruct) != HAL_OK)
 156              		.loc 1 64 3 is_stmt 1 view .LVU38
  64:Core/Src/main.c ****   if (HAL_RCC_OscConfig(&RCC_OscInitStruct) != HAL_OK)
 157              		.loc 1 64 30 is_stmt 0 view .LVU39
 158 0068 0823     		movs	r3, #8
 159 006a 1393     		str	r3, [sp, #76]
  65:Core/Src/main.c ****   {
 160              		.loc 1 65 3 is_stmt 1 view .LVU40
  65:Core/Src/main.c ****   {
 161              		.loc 1 65 7 is_stmt 0 view .LVU41
 162 006c 08A8     		add	r0, sp, #32
 163 006e FFF7FEFF 		bl	HAL_RCC_OscConfig
 164              	.LVL1:
  65:Core/Src/main.c ****   {
 165              		.loc 1 65 6 view .LVU42
 166 0072 88B9     		cbnz	r0, .L7
  71:Core/Src/main.c ****   RCC_ClkInitStruct.SYSCLKSource = RCC_SYSCLKSOURCE_PLLCLK;
 167              		.loc 1 71 3 is_stmt 1 view .LVU43
  71:Core/Src/main.c ****   RCC_ClkInitStruct.SYSCLKSource = RCC_SYSCLKSOURCE_PLLCLK;
 168              		.loc 1 71 31 is_stmt 0 view .LVU44
 169 0074 0F23     		movs	r3, #15
 170 0076 0393     		str	r3, [sp, #12]
  72:Core/Src/main.c ****   RCC_ClkInitStruct.AHBCLKDivider = RCC_SYSCLK_DIV1;
 171              		.loc 1 72 3 is_stmt 1 view .LVU45
  72:Core/Src/main.c ****   RCC_ClkInitStruct.AHBCLKDivider = RCC_SYSCLK_DIV1;
 172              		.loc 1 72 34 is_stmt 0 view .LVU46
 173 0078 0223     		movs	r3, #2
 174 007a 0493     		str	r3, [sp, #16]
  73:Core/Src/main.c ****   RCC_ClkInitStruct.APB1CLKDivider = RCC_HCLK_DIV2;
 175              		.loc 1 73 3 is_stmt 1 view .LVU47
  73:Core/Src/main.c ****   RCC_ClkInitStruct.APB1CLKDivider = RCC_HCLK_DIV2;
 176              		.loc 1 73 35 is_stmt 0 view .LVU48
 177 007c 0023     		movs	r3, #0
 178 007e 0593     		str	r3, [sp, #20]
  74:Core/Src/main.c ****   RCC_ClkInitStruct.APB2CLKDivider = RCC_HCLK_DIV1;
 179              		.loc 1 74 3 is_stmt 1 view .LVU49
ARM GAS  C:\Users\user-pc\AppData\Local\Temp\cc01t98R.s 			page 9


  74:Core/Src/main.c ****   RCC_ClkInitStruct.APB2CLKDivider = RCC_HCLK_DIV1;
 180              		.loc 1 74 36 is_stmt 0 view .LVU50
 181 0080 4FF48052 		mov	r2, #4096
 182 0084 0692     		str	r2, [sp, #24]
  75:Core/Src/main.c **** 
 183              		.loc 1 75 3 is_stmt 1 view .LVU51
  75:Core/Src/main.c **** 
 184              		.loc 1 75 36 is_stmt 0 view .LVU52
 185 0086 0793     		str	r3, [sp, #28]
  77:Core/Src/main.c ****   {
 186              		.loc 1 77 3 is_stmt 1 view .LVU53
  77:Core/Src/main.c ****   {
 187              		.loc 1 77 7 is_stmt 0 view .LVU54
 188 0088 0321     		movs	r1, #3
 189 008a 03A8     		add	r0, sp, #12
 190 008c FFF7FEFF 		bl	HAL_RCC_ClockConfig
 191              	.LVL2:
  77:Core/Src/main.c ****   {
 192              		.loc 1 77 6 view .LVU55
 193 0090 20B9     		cbnz	r0, .L8
  81:Core/Src/main.c **** 
 194              		.loc 1 81 1 view .LVU56
 195 0092 15B0     		add	sp, sp, #84
 196              	.LCFI2:
 197              		.cfi_remember_state
 198              		.cfi_def_cfa_offset 4
 199              		@ sp needed
 200 0094 5DF804FB 		ldr	pc, [sp], #4
 201              	.L7:
 202              	.LCFI3:
 203              		.cfi_restore_state
  67:Core/Src/main.c ****   }
 204              		.loc 1 67 5 is_stmt 1 view .LVU57
 205 0098 FFF7FEFF 		bl	Error_Handler
 206              	.LVL3:
 207              	.L8:
  79:Core/Src/main.c ****   }
 208              		.loc 1 79 5 view .LVU58
 209 009c FFF7FEFF 		bl	Error_Handler
 210              	.LVL4:
 211              	.L10:
 212              		.align	2
 213              	.L9:
 214 00a0 00380240 		.word	1073887232
 215 00a4 00700040 		.word	1073770496
 216              		.cfi_endproc
 217              	.LFE221:
 219              		.section	.text.main,"ax",%progbits
 220              		.align	1
 221              		.global	main
 222              		.syntax unified
 223              		.thumb
 224              		.thumb_func
 225              		.fpu fpv4-sp-d16
 227              	main:
 228              	.LFB220:
  13:Core/Src/main.c ****   HAL_Init();
ARM GAS  C:\Users\user-pc\AppData\Local\Temp\cc01t98R.s 			page 10


 229              		.loc 1 13 1 view -0
 230              		.cfi_startproc
 231              		@ Volatile: function does not return.
 232              		@ args = 0, pretend = 0, frame = 8
 233              		@ frame_needed = 0, uses_anonymous_args = 0
 234 0000 00B5     		push	{lr}
 235              	.LCFI4:
 236              		.cfi_def_cfa_offset 4
 237              		.cfi_offset 14, -4
 238 0002 83B0     		sub	sp, sp, #12
 239              	.LCFI5:
 240              		.cfi_def_cfa_offset 16
  14:Core/Src/main.c ****   SystemClock_Config();
 241              		.loc 1 14 3 view .LVU60
 242 0004 FFF7FEFF 		bl	HAL_Init
 243              	.LVL5:
  15:Core/Src/main.c ****   MX_GPIO_Init();
 244              		.loc 1 15 3 view .LVU61
 245 0008 FFF7FEFF 		bl	SystemClock_Config
 246              	.LVL6:
  16:Core/Src/main.c ****   MX_DMA_Init();
 247              		.loc 1 16 3 view .LVU62
 248 000c FFF7FEFF 		bl	MX_GPIO_Init
 249              	.LVL7:
  17:Core/Src/main.c ****   MX_SPI3_Init();
 250              		.loc 1 17 3 view .LVU63
 251 0010 FFF7FEFF 		bl	MX_DMA_Init
 252              	.LVL8:
  18:Core/Src/main.c ****   MX_USB_DEVICE_Init();
 253              		.loc 1 18 3 view .LVU64
 254 0014 FFF7FEFF 		bl	MX_SPI3_Init
 255              	.LVL9:
  19:Core/Src/main.c ****   MX_ADC1_Init();
 256              		.loc 1 19 3 view .LVU65
 257 0018 FFF7FEFF 		bl	MX_USB_DEVICE_Init
 258              	.LVL10:
  20:Core/Src/main.c ****   HAL_Delay(500);
 259              		.loc 1 20 3 view .LVU66
 260 001c FFF7FEFF 		bl	MX_ADC1_Init
 261              	.LVL11:
  21:Core/Src/main.c **** 
 262              		.loc 1 21 3 view .LVU67
 263 0020 4FF4FA70 		mov	r0, #500
 264 0024 FFF7FEFF 		bl	HAL_Delay
 265              	.LVL12:
  24:Core/Src/main.c ****   HAL_Delay(500);
 266              		.loc 1 24 3 view .LVU68
 267 0028 FFF7FEFF 		bl	NRF24L01_Initialise_Tx
 268              	.LVL13:
  25:Core/Src/main.c **** 
 269              		.loc 1 25 3 view .LVU69
 270 002c 4FF4FA70 		mov	r0, #500
 271 0030 FFF7FEFF 		bl	HAL_Delay
 272              	.LVL14:
  27:Core/Src/main.c **** 
 273              		.loc 1 27 3 view .LVU70
  27:Core/Src/main.c **** 
ARM GAS  C:\Users\user-pc\AppData\Local\Temp\cc01t98R.s 			page 11


 274              		.loc 1 27 12 is_stmt 0 view .LVU71
 275 0034 0023     		movs	r3, #0
 276 0036 0193     		str	r3, [sp, #4]
 277              	.L12:
  29:Core/Src/main.c ****   {
 278              		.loc 1 29 3 is_stmt 1 discriminator 1 view .LVU72
  32:Core/Src/main.c **** 
 279              		.loc 1 32 5 discriminator 1 view .LVU73
 280 0038 0122     		movs	r2, #1
 281 003a 01A9     		add	r1, sp, #4
 282 003c 0548     		ldr	r0, .L14
 283 003e FFF7FEFF 		bl	HAL_ADC_Start_DMA
 284              	.LVL15:
  35:Core/Src/main.c **** 
 285              		.loc 1 35 5 discriminator 1 view .LVU74
 286 0042 0221     		movs	r1, #2
 287 0044 01A8     		add	r0, sp, #4
 288 0046 FFF7FEFF 		bl	NRF24L01_Transmit
 289              	.LVL16:
  37:Core/Src/main.c ****   }
 290              		.loc 1 37 5 discriminator 1 view .LVU75
 291 004a 0A20     		movs	r0, #10
 292 004c FFF7FEFF 		bl	HAL_Delay
 293              	.LVL17:
  29:Core/Src/main.c ****   {
 294              		.loc 1 29 9 discriminator 1 view .LVU76
 295 0050 F2E7     		b	.L12
 296              	.L15:
 297 0052 00BF     		.align	2
 298              	.L14:
 299 0054 00000000 		.word	hadc1
 300              		.cfi_endproc
 301              	.LFE220:
 303              		.text
 304              	.Letext0:
 305              		.file 3 "c:\\program files (x86)\\gnu arm embedded toolchain\\10 2020-q4-major\\arm-none-eabi\\inc
 306              		.file 4 "c:\\program files (x86)\\gnu arm embedded toolchain\\10 2020-q4-major\\arm-none-eabi\\inc
 307              		.file 5 "Drivers/CMSIS/Device/ST/STM32F4xx/Include/stm32f411xe.h"
 308              		.file 6 "Drivers/CMSIS/Device/ST/STM32F4xx/Include/stm32f4xx.h"
 309              		.file 7 "Drivers/STM32F4xx_HAL_Driver/Inc/stm32f4xx_hal_def.h"
 310              		.file 8 "Drivers/STM32F4xx_HAL_Driver/Inc/stm32f4xx_hal_rcc_ex.h"
 311              		.file 9 "Drivers/STM32F4xx_HAL_Driver/Inc/stm32f4xx_hal_rcc.h"
 312              		.file 10 "Drivers/STM32F4xx_HAL_Driver/Inc/stm32f4xx_hal_dma.h"
 313              		.file 11 "Drivers/STM32F4xx_HAL_Driver/Inc/stm32f4xx_hal_adc.h"
 314              		.file 12 "Drivers/STM32F4xx_HAL_Driver/Inc/stm32f4xx_hal.h"
 315              		.file 13 "Core/Inc/gpio.h"
 316              		.file 14 "Core/Inc/dma.h"
 317              		.file 15 "Core/Inc/spi.h"
 318              		.file 16 "USB_DEVICE/App/usb_device.h"
 319              		.file 17 "Core/Inc/adc.h"
 320              		.file 18 "Core/Inc/NRF24L01.h"
 321              		.file 19 "<built-in>"
ARM GAS  C:\Users\user-pc\AppData\Local\Temp\cc01t98R.s 			page 12


DEFINED SYMBOLS
                            *ABS*:00000000 main.c
C:\Users\user-pc\AppData\Local\Temp\cc01t98R.s:18     .text.Error_Handler:00000000 $t
C:\Users\user-pc\AppData\Local\Temp\cc01t98R.s:26     .text.Error_Handler:00000000 Error_Handler
C:\Users\user-pc\AppData\Local\Temp\cc01t98R.s:59     .text.SystemClock_Config:00000000 $t
C:\Users\user-pc\AppData\Local\Temp\cc01t98R.s:66     .text.SystemClock_Config:00000000 SystemClock_Config
C:\Users\user-pc\AppData\Local\Temp\cc01t98R.s:214    .text.SystemClock_Config:000000a0 $d
C:\Users\user-pc\AppData\Local\Temp\cc01t98R.s:220    .text.main:00000000 $t
C:\Users\user-pc\AppData\Local\Temp\cc01t98R.s:227    .text.main:00000000 main
C:\Users\user-pc\AppData\Local\Temp\cc01t98R.s:299    .text.main:00000054 $d

UNDEFINED SYMBOLS
memset
HAL_RCC_OscConfig
HAL_RCC_ClockConfig
HAL_Init
MX_GPIO_Init
MX_DMA_Init
MX_SPI3_Init
MX_USB_DEVICE_Init
MX_ADC1_Init
HAL_Delay
NRF24L01_Initialise_Tx
HAL_ADC_Start_DMA
NRF24L01_Transmit
hadc1
